[LOG] System::create                           : Header version = 2.02.26. Current version = 2.02.26.
[LOG] Manager::init                            : maxchannels = 256 studioflags = 00000006 flags 00000000 extradriverdata 0000000000000000.
[LOG] SystemI::init                            : Initialize version=20226 (148250), maxchannels=256, flags=0x00020000
[LOG] SystemI::setOutputInternal               : Setting output to 'FMOD WASAPI Output'
[LOG] OutputWASAPI::init                       : Mix Format (WAVEFORMATEX): wFormatTag=0xFFFE, nChannels=2, nSamplesPerSec=48000, nAvgBytesPerSec=384000, nBlockAlign=8, wBitsPerSample=32, cbSize=22.
[LOG] OutputWASAPI::init                       : Mix Format (WAVEFORMATEXTENSIBLE): wValidBitsPerSample=32, dwChannelMask=0x00000003, SubFormat=00000003-0000-0010-8000-00AA00389B71.
[LOG] OutputWASAPI::init                       : Output buffer size: 4096 samples, latency: 0.00ms, period: 10.00ms, DSP buffer: 1024 * 4
[LOG] Thread::initThread                       : Init FMOD stream thread. Affinity: 0x4000000000000003, Priority: 0xFFFF7FFB, Stack Size: 98304, Semaphore: No, Sleep Time: 10, Looping: Yes.
[LOG] Thread::initThread                       : Init FMOD mixer thread. Affinity: 0x4000000000000001, Priority: 0xFFFF7FFA, Stack Size: 81920, Semaphore: No, Sleep Time: 0, Looping: Yes.
[LOG] AsyncManager::init                       : manager 000002506A759998 isAsync 0 updatePeriod 0.02
[LOG] AsyncManager::init                       : done
[LOG] PlaybackSystem::init                     : 
[LOG] Thread::initThread                       : Init FMOD Studio sample load thread. Affinity: 0x4000000000000003, Priority: 0xFFFF7FFD, Stack Size: 98304, Semaphore: No, Sleep Time: 1, Looping: No.
[LOG] PlaybackSystem::init                     : done
[LOG] Thread::initThread                       : Init FMOD Studio bank load thread. Affinity: 0x4000000000000003, Priority: 0xFFFF7FFD, Stack Size: 98304, Semaphore: No, Sleep Time: 1, Looping: No.
[LOG] Manager::init                            : done.
[LOG] Manager::readBank                        : fileversion = 142, compatVersion = 140 (oldest = 44, newest = 142)
[LOG] Manager::readBank                        : fileversion = 142, compatVersion = 140 (oldest = 44, newest = 142)
[LOG] PlaybackSystem::acquireMasterBus         : Setting master channel group format to 6
[LOG] SystemI::createSoundInternal             : Create name='', mode=0x02000202
[LOG] SystemI::createSoundInternal             : exinfo->cbsize             = 224
[LOG] SystemI::createSoundInternal             : exinfo->length             = 2142976
[LOG] SystemI::createSoundInternal             : exinfo->fileoffset         = 20832
[LOG] SystemI::createSoundInternal             : exinfo->numsubsounds       = 1
[LOG] SystemI::createSoundInternal             : exinfo->inclusionlist      = 0000008A318FF308
[LOG] SystemI::createSoundInternal             : exinfo->inclusionlistnum   = 1
[LOG] SystemI::createSoundInternal             : exinfo->suggestedsoundtype = 5
[LOG] SystemI::createSoundInternal             : exinfo->useropen           = 00007FFFA8855B90
[LOG] SystemI::createSoundInternal             : exinfo->userclose          = 00007FFFA8855B50
[LOG] SystemI::createSoundInternal             : exinfo->userread           = 00007FFFA8855C70
[LOG] SystemI::createSoundInternal             : exinfo->userseek           = 00007FFFA8855D30
[LOG] SystemI::createSoundInternal             : exinfo->fileuserdata       = 0000024FB9F5BED8
[LOG] SystemI::createSoundInternal             : exinfo->initialseekpostype = 1
[LOG] SystemI::DSPCodecPoolRegister            : register codec pool for pool type 5
[LOG] SystemI::createSoundInternal             : Sample 0/1: name='sfx_ui_mouse_click', format=5, channels=2, frequency=48000, lengthbytes=6944, lengthpcm=24000, pcmblocksize=0, loopstart=0, loopend=0, mode=0x00000000, channelmask=0x00000000, channelorder=0, peakvolume=0.766754.
[LOG] SystemI::createSoundInternal             : Create name='', mode=0x02000202
[LOG] SystemI::createSoundInternal             : exinfo->cbsize             = 224
[LOG] SystemI::createSoundInternal             : exinfo->length             = 2142976
[LOG] SystemI::createSoundInternal             : exinfo->fileoffset         = 20832
[LOG] SystemI::createSoundInternal             : exinfo->numsubsounds       = 1
[LOG] SystemI::createSoundInternal             : exinfo->inclusionlist      = 0000008A318FF308
[LOG] SystemI::createSoundInternal             : exinfo->inclusionlistnum   = 1
[LOG] SystemI::createSoundInternal             : exinfo->suggestedsoundtype = 5
[LOG] SystemI::createSoundInternal             : exinfo->useropen           = 00007FFFA8855B90
[LOG] SystemI::createSoundInternal             : exinfo->userclose          = 00007FFFA8855B50
[LOG] SystemI::createSoundInternal             : exinfo->userread           = 00007FFFA8855C70
[LOG] SystemI::createSoundInternal             : exinfo->userseek           = 00007FFFA8855D30
[LOG] SystemI::createSoundInternal             : exinfo->fileuserdata       = 0000024FBBB74BB8
[LOG] SystemI::createSoundInternal             : exinfo->initialseekpostype = 1
[LOG] SystemI::DSPCodecPoolRegister            : register codec pool for pool type 5
[LOG] SystemI::createSoundInternal             : Sample 0/1: name='sfx_ui_send_message', format=5, channels=2, frequency=48000, lengthbytes=6144, lengthpcm=24000, pcmblocksize=0, loopstart=0, loopend=0, mode=0x00000000, channelmask=0x00000000, channelorder=0, peakvolume=0.362305.
[LOG] SoundI::release                          : mus_corporative_theme_demo_3 (00000250624E33C8)
[LOG] SoundI::release                          :     mus_corporative_theme_demo_3 (0000024F2BBFD348)
[LOG] SoundI::release                          :     mus_corporative_theme_demo_3 (00000250624E3DE8)
[LOG] SystemI::createSound                     : filename = Assets/FMODBanks/Desktop/Master.bank : mode 02010082
[LOG] SystemI::createSound                     : FMOD_NONBLOCKING specified.  Putting into queue to be opened asynchronously!
[LOG] AsyncThread::add                         : add sound to async queue : soundi = 0000025062403088, queue head = 0000024F937C6B38, queue count = 0
[LOG] AsyncThread::threadFunc                  : Starting Asynchronous operation on sound 0000025062403088
[LOG] SystemI::createSoundInternal             :     Create name='Assets/FMODBanks/Desktop/Master.bank', mode=0x02010082
[LOG] SystemI::createSoundInternal             :     exinfo->cbsize             = 224
[LOG] SystemI::createSoundInternal             :     exinfo->length             = 2142976
[LOG] SystemI::createSoundInternal             :     exinfo->fileoffset         = 20832
[LOG] SystemI::createSoundInternal             :     exinfo->numsubsounds       = 1
[LOG] SystemI::createSoundInternal             :     exinfo->inclusionlist      = 0000024FC4AA4660
[LOG] SystemI::createSoundInternal             :     exinfo->inclusionlistnum   = 1
[LOG] SystemI::createSoundInternal             :     exinfo->suggestedsoundtype = 5
[LOG] SystemI::createSoundInternal             :     exinfo->initialseekpostype = 1
[LOG] SystemI::createSoundInternal             :     Stream 0/1: name='mus_corporative_theme_demo_3', format=5, channels=2, frequency=48000, lengthbytes=902816, lengthpcm=3840000, pcmblocksize=0, loopstart=0, loopend=0, mode=0x00000000, channelmask=0x00000000, channelorder=0, peakvolume=0.336761.
[LOG] AsyncThread::threadFunc                  : Finished Asynchronous operation on sound 0000025062403088
[LOG] SystemI::createSound                     : filename = Assets/FMODBanks/Desktop/Master.bank : mode 02010082
[LOG] SystemI::createSound                     : FMOD_NONBLOCKING specified.  Putting into queue to be opened asynchronously!
[LOG] AsyncThread::add                         : add sound to async queue : soundi = 0000024F2BB790C8, queue head = 0000024F937C6B38, queue count = 0
[LOG] AsyncThread::threadFunc                  : Starting Asynchronous operation on sound 0000024F2BB790C8
[LOG] SystemI::createSoundInternal             :     Create name='Assets/FMODBanks/Desktop/Master.bank', mode=0x02010082
[LOG] SystemI::createSoundInternal             :     exinfo->cbsize             = 224
[LOG] SystemI::createSoundInternal             :     exinfo->length             = 2142976
[LOG] SystemI::createSoundInternal             :     exinfo->fileoffset         = 20832
[LOG] SystemI::createSoundInternal             :     exinfo->numsubsounds       = 1
[LOG] SystemI::createSoundInternal             :     exinfo->inclusionlist      = 0000024F2BC18510
[LOG] SystemI::createSoundInternal             :     exinfo->inclusionlistnum   = 1
[LOG] SystemI::createSoundInternal             :     exinfo->suggestedsoundtype = 5
[LOG] SystemI::createSoundInternal             :     exinfo->initialseekpostype = 1
[LOG] SystemI::createSoundInternal             :     Stream 0/1: name='mus_virus_theme_demo_3', format=5, channels=2, frequency=48000, lengthbytes=668320, lengthpcm=2457600, pcmblocksize=0, loopstart=0, loopend=0, mode=0x00000000, channelmask=0x00000000, channelorder=0, peakvolume=0.335358.
[LOG] AsyncThread::threadFunc                  : Finished Asynchronous operation on sound 0000024F2BB790C8
[LOG] SystemI::createSoundInternal             : Create name='', mode=0x02000202
[LOG] SystemI::createSoundInternal             : exinfo->cbsize             = 224
[LOG] SystemI::createSoundInternal             : exinfo->length             = 2142976
[LOG] SystemI::createSoundInternal             : exinfo->fileoffset         = 20832
[LOG] SystemI::createSoundInternal             : exinfo->numsubsounds       = 1
[LOG] SystemI::createSoundInternal             : exinfo->inclusionlist      = 0000008A318FF308
[LOG] SystemI::createSoundInternal             : exinfo->inclusionlistnum   = 1
[LOG] SystemI::createSoundInternal             : exinfo->suggestedsoundtype = 5
[LOG] SystemI::createSoundInternal             : exinfo->useropen           = 00007FFFA8855B90
[LOG] SystemI::createSoundInternal             : exinfo->userclose          = 00007FFFA8855B50
[LOG] SystemI::createSoundInternal             : exinfo->userread           = 00007FFFA8855C70
[LOG] SystemI::createSoundInternal             : exinfo->userseek           = 00007FFFA8855D30
[LOG] SystemI::createSoundInternal             : exinfo->fileuserdata       = 0000024F95B41858
[LOG] SystemI::createSoundInternal             : exinfo->initialseekpostype = 1
[LOG] SystemI::DSPCodecPoolRegister            : register codec pool for pool type 5
[LOG] SystemI::createSoundInternal             : Sample 0/1: name='sfx_virus_spawn', format=5, channels=2, frequency=48000, lengthbytes=28832, lengthpcm=96000, pcmblocksize=0, loopstart=0, loopend=0, mode=0x00000000, channelmask=0x00000000, channelorder=0, peakvolume=0.260315.
[LOG] SoundI::release                          : mus_corporative_theme_demo_3 (0000025062403088)
[LOG] SoundI::release                          :     mus_corporative_theme_demo_3 (0000024FBB41FF78)
[LOG] SoundI::release                          :     mus_corporative_theme_demo_3 (000002506A6F6DE8)
[LOG] SystemI::createSoundInternal             : Create name='', mode=0x02000202
[LOG] SystemI::createSoundInternal             : exinfo->cbsize             = 224
[LOG] SystemI::createSoundInternal             : exinfo->length             = 2142976
[LOG] SystemI::createSoundInternal             : exinfo->fileoffset         = 20832
[LOG] SystemI::createSoundInternal             : exinfo->numsubsounds       = 1
[LOG] SystemI::createSoundInternal             : exinfo->inclusionlist      = 0000008A318FF308
[LOG] SystemI::createSoundInternal             : exinfo->inclusionlistnum   = 1
[LOG] SystemI::createSoundInternal             : exinfo->suggestedsoundtype = 5
[LOG] SystemI::createSoundInternal             : exinfo->useropen           = 00007FFFA8855B90
[LOG] SystemI::createSoundInternal             : exinfo->userclose          = 00007FFFA8855B50
[LOG] SystemI::createSoundInternal             : exinfo->userread           = 00007FFFA8855C70
[LOG] SystemI::createSoundInternal             : exinfo->userseek           = 00007FFFA8855D30
[LOG] SystemI::createSoundInternal             : exinfo->fileuserdata       = 0000024FB7F8B818
[LOG] SystemI::createSoundInternal             : exinfo->initialseekpostype = 1
[LOG] SystemI::DSPCodecPoolRegister            : register codec pool for pool type 5
[LOG] SystemI::createSoundInternal             : Sample 0/1: name='sfx_virus_summon_minion', format=5, channels=2, frequency=48000, lengthbytes=11520, lengthpcm=48000, pcmblocksize=0, loopstart=0, loopend=0, mode=0x00000000, channelmask=0x00000000, channelorder=0, peakvolume=0.431610.
[LOG] SystemI::createSoundInternal             : Create name='', mode=0x02000202
[LOG] SystemI::createSoundInternal             : exinfo->cbsize             = 224
[LOG] SystemI::createSoundInternal             : exinfo->length             = 2142976
[LOG] SystemI::createSoundInternal             : exinfo->fileoffset         = 20832
[LOG] SystemI::createSoundInternal             : exinfo->numsubsounds       = 1
[LOG] SystemI::createSoundInternal             : exinfo->inclusionlist      = 0000008A318FF308
[LOG] SystemI::createSoundInternal             : exinfo->inclusionlistnum   = 1
[LOG] SystemI::createSoundInternal             : exinfo->suggestedsoundtype = 5
[LOG] SystemI::createSoundInternal             : exinfo->useropen           = 00007FFFA8855B90
[LOG] SystemI::createSoundInternal             : exinfo->userclose          = 00007FFFA8855B50
[LOG] SystemI::createSoundInternal             : exinfo->userread           = 00007FFFA8855C70
[LOG] SystemI::createSoundInternal             : exinfo->userseek           = 00007FFFA8855D30
[LOG] SystemI::createSoundInternal             : exinfo->fileuserdata       = 0000024FB9F5B278
[LOG] SystemI::createSoundInternal             : exinfo->initialseekpostype = 1
[LOG] SystemI::DSPCodecPoolRegister            : register codec pool for pool type 5
[LOG] SystemI::createSoundInternal             : Sample 0/1: name='sfx_close_virus_popup', format=5, channels=2, frequency=48000, lengthbytes=21568, lengthpcm=96000, pcmblocksize=0, loopstart=0, loopend=0, mode=0x00000000, channelmask=0x00000000, channelorder=0, peakvolume=0.191162.
[LOG] SoundI::release                          : mus_virus_theme_demo_3 (0000024F2BB790C8)
[LOG] SoundI::release                          :     mus_virus_theme_demo_3 (0000024FBB4205F8)
[LOG] SoundI::release                          :     mus_virus_theme_demo_3 (000002506A6F6068)
[LOG] SoundI::release                          :  (0000024F95FF8EE8)
[LOG] SoundI::release                          :     sfx_ui_send_message (0000024FBB420458)
[LOG] SoundI::release                          :  (0000024F95FF8928)
[LOG] SoundI::release                          :     sfx_virus_spawn (0000024FBB4217D8)
[LOG] SoundI::release                          :  (0000024F95FF8368)
[LOG] SoundI::release                          :     sfx_virus_summon_minion (0000024F2BBFD4E8)
[LOG] SoundI::release                          :  (0000024F95FF87B8)
[LOG] SoundI::release                          :     sfx_ui_mouse_click (0000024FBB420E18)
[LOG] SoundI::release                          :  (0000024FB982A0E8)
[LOG] SoundI::release                          :     sfx_close_virus_popup (0000024F2BBFE048)
[LOG] SoundI::release                          :  (0000024FB9829848)
[LOG] SoundI::release                          :     sfx_ui_receive_message (0000024F2BBFE388)
[LOG] Thread::callback                         : FMOD Studio update thread finished.
[LOG] Thread::callback                         : FMOD Studio bank load thread finished.
[LOG] Thread::callback                         : FMOD Studio sample load thread finished.
[LOG] LiveUpdate::release                      : 
[LOG] LiveUpdate::reset                        : Reset connection (reason Disconnected)
[LOG] Thread::callback                         : FMOD stream thread finished.
[LOG] Thread::callback                         : FMOD mixer thread finished.
[LOG] SystemI::close                           : Closed.
[LOG] Thread::callback                         : FMOD Studio bank load thread finished.
[LOG] Thread::callback                         : FMOD Studio sample load thread finished.
[LOG] LiveUpdate::release                      : 
[LOG] LiveUpdate::reset                        : Reset connection (reason Disconnected)
[LOG] Thread::callback                         : FMOD stream thread finished.
[LOG] Thread::callback                         : FMOD mixer thread finished.
[LOG] SystemI::close                           : Closed.
[LOG] Thread::callback                         : FMOD nonblocking thread (0) finished.
[LOG] Thread::callback                         : FMOD file thread finished.
